This is pdfTeX, Version 3.1415926-1.40.10 (TeX Live 2009/Debian) (format=pdflatex 2012.12.5)  7 NOV 2013 00:59
entering extended mode
 %&-line parsing enabled.
**main.tex
(./main.tex
LaTeX2e <2009/09/24>
Babel <v3.8l> and hyphenation patterns for english, usenglishmax, dumylang, noh
yphenation, loaded.
(./liuthesis.cls
Document Class: liuthesis 2007/01/13 liuthesis Class v. 1.3
(/usr/share/texmf/tex/latex/lm/lmodern.sty
Package: lmodern 2009/10/30 v1.6 Latin Modern Fonts
LaTeX Font Info:    Overwriting symbol font `operators' in version `normal'
(Font)                  OT1/cmr/m/n --> OT1/lmr/m/n on input line 22.
LaTeX Font Info:    Overwriting symbol font `letters' in version `normal'
(Font)                  OML/cmm/m/it --> OML/lmm/m/it on input line 23.
LaTeX Font Info:    Overwriting symbol font `symbols' in version `normal'
(Font)                  OMS/cmsy/m/n --> OMS/lmsy/m/n on input line 24.
LaTeX Font Info:    Overwriting symbol font `largesymbols' in version `normal'
(Font)                  OMX/cmex/m/n --> OMX/lmex/m/n on input line 25.
LaTeX Font Info:    Overwriting symbol font `operators' in version `bold'
(Font)                  OT1/cmr/bx/n --> OT1/lmr/bx/n on input line 26.
LaTeX Font Info:    Overwriting symbol font `letters' in version `bold'
(Font)                  OML/cmm/b/it --> OML/lmm/b/it on input line 27.
LaTeX Font Info:    Overwriting symbol font `symbols' in version `bold'
(Font)                  OMS/cmsy/b/n --> OMS/lmsy/b/n on input line 28.
LaTeX Font Info:    Overwriting symbol font `largesymbols' in version `bold'
(Font)                  OMX/cmex/m/n --> OMX/lmex/m/n on input line 29.
LaTeX Font Info:    Overwriting math alphabet `\mathbf' in version `normal'
(Font)                  OT1/cmr/bx/n --> OT1/lmr/bx/n on input line 31.
LaTeX Font Info:    Overwriting math alphabet `\mathsf' in version `normal'
(Font)                  OT1/cmss/m/n --> OT1/lmss/m/n on input line 32.
LaTeX Font Info:    Overwriting math alphabet `\mathit' in version `normal'
(Font)                  OT1/cmr/m/it --> OT1/lmr/m/it on input line 33.
LaTeX Font Info:    Overwriting math alphabet `\mathtt' in version `normal'
(Font)                  OT1/cmtt/m/n --> OT1/lmtt/m/n on input line 34.
LaTeX Font Info:    Overwriting math alphabet `\mathbf' in version `bold'
(Font)                  OT1/cmr/bx/n --> OT1/lmr/bx/n on input line 35.
LaTeX Font Info:    Overwriting math alphabet `\mathsf' in version `bold'
(Font)                  OT1/cmss/bx/n --> OT1/lmss/bx/n on input line 36.
LaTeX Font Info:    Overwriting math alphabet `\mathit' in version `bold'
(Font)                  OT1/cmr/bx/it --> OT1/lmr/bx/it on input line 37.
LaTeX Font Info:    Overwriting math alphabet `\mathtt' in version `bold'
(Font)                  OT1/cmtt/m/n --> OT1/lmtt/m/n on input line 38.
)
(/usr/share/texmf-texlive/tex/latex/base/fontenc.sty
Package: fontenc 2005/09/27 v1.99g Standard LaTeX package

(/usr/share/texmf-texlive/tex/latex/base/t1enc.def
File: t1enc.def 2005/09/27 v1.99g Standard LaTeX file
LaTeX Font Info:    Redeclaring font encoding T1 on input line 43.
))
(/usr/share/texmf-texlive/tex/latex/base/inputenc.sty
Package: inputenc 2008/03/30 v1.1d Input encoding file
\inpenc@prehook=\toks14
\inpenc@posthook=\toks15

(/usr/share/texmf-texlive/tex/latex/base/latin1.def
File: latin1.def 2008/03/30 v1.1d Input encoding file
))
(/usr/share/texmf-texlive/tex/generic/babel/babel.sty
Package: babel 2008/07/06 v3.8l The Babel package

(/usr/share/texmf-texlive/tex/generic/babel/english.ldf
Language: english 2005/03/30 v3.3o English support from the babel system

(/usr/share/texmf-texlive/tex/generic/babel/babel.def
File: babel.def 2008/07/06 v3.8l Babel common definitions
\babel@savecnt=\count79
\U@D=\dimen102
)
\l@british = a dialect from \language\l@english 
\l@UKenglish = a dialect from \language\l@english 
\l@canadian = a dialect from \language\l@american 
\l@australian = a dialect from \language\l@british 
\l@newzealand = a dialect from \language\l@british 
)
(/usr/share/texmf-texlive/tex/generic/babel/swedish.ldf
Language: swedish 2005/03/31 v2.3d Swedish support from the babel system


Package babel Warning: No hyphenation patterns were loaded for
(babel)                the language `Swedish'
(babel)                I will use the patterns loaded for \language=0 instead.

\l@swedish = a dialect from \language0
Package babel Info: Making " an active character on input line 90.
)) (./mai.ltd
File: mai.ldt 2002/01/08 liuthesis defintion for MAI
Class liuthesis Info: Loaded definition file 'mai.ltd' on input line 26.
)
Class liuthesis Info: Loading division definition MAI. on input line 210.
 (/usr/share/texmf-texlive/tex/latex/base/book.cls
Document Class: book 2007/10/19 v1.4h Standard LaTeX document class
(/usr/share/texmf-texlive/tex/latex/base/bk10.clo
File: bk10.clo 2007/10/19 v1.4h Standard LaTeX file (size option)
)
\c@part=\count80
\c@chapter=\count81
\c@section=\count82
\c@subsection=\count83
\c@subsubsection=\count84
\c@paragraph=\count85
\c@subparagraph=\count86
\c@figure=\count87
\c@table=\count88
\abovecaptionskip=\skip41
\belowcaptionskip=\skip42
\bibindent=\dimen103
)
LaTeX Info: Redefining \em on input line 216.
 (./graphicx.sty
Package: graphicx 1999/02/16 v1.0f Enhanced LaTeX Graphics (DPC,SPQR)

(/usr/share/texmf-texlive/tex/latex/graphics/keyval.sty
Package: keyval 1999/03/16 v1.13 key=value parser (DPC)
\KV@toks@=\toks16
)
(/usr/share/texmf-texlive/tex/latex/graphics/graphics.sty
Package: graphics 2009/02/05 v1.0o Standard LaTeX Graphics (DPC,SPQR)

(/usr/share/texmf-texlive/tex/latex/graphics/trig.sty
Package: trig 1999/03/16 v1.09 sin cos tan (DPC)
)
(/etc/texmf/tex/latex/config/graphics.cfg
File: graphics.cfg 2009/08/28 v1.8 graphics configuration of TeX Live
)
Package graphics Info: Driver file: pdftex.def on input line 91.

(/usr/share/texmf-texlive/tex/latex/pdftex-def/pdftex.def
File: pdftex.def 2010/03/12 v0.04p Graphics/color for pdfTeX
\Gread@gobject=\count89
))
\Gin@req@height=\dimen104
\Gin@req@width=\dimen105
)
(/usr/share/texmf-texlive/tex/latex/geometry/geometry.sty
Package: geometry 2008/12/21 v4.2 Page Geometry

(/usr/share/texmf-texlive/tex/generic/oberdiek/ifpdf.sty
Package: ifpdf 2009/04/10 v2.0 Provides the ifpdf switch (HO)
Package ifpdf Info: pdfTeX in pdf mode detected.
)
(/usr/share/texmf-texlive/tex/generic/oberdiek/ifvtex.sty
Package: ifvtex 2008/11/04 v1.4 Switches for detecting VTeX and its modes (HO)
Package ifvtex Info: VTeX not detected.
)
\Gm@cnth=\count90
\Gm@cntv=\count91
\c@Gm@tempcnt=\count92
\Gm@bindingoffset=\dimen106
\Gm@wd@mp=\dimen107
\Gm@odd@mp=\dimen108
\Gm@even@mp=\dimen109
\Gm@dimlist=\toks17
)
(/usr/share/texmf-texlive/tex/latex/crop/crop.sty
Package: crop 2003/05/20 v1.9 crop marks (mf)
\stockwidth=\dimen110
\stockheight=\dimen111
\CROP@index=\count93

(/usr/share/texmf-texlive/tex/latex/graphics/color.sty
Package: color 2005/11/14 v1.0j Standard LaTeX Color (DPC)

(/etc/texmf/tex/latex/config/color.cfg
File: color.cfg 2007/01/18 v1.5 color configuration of teTeX/TeXLive
)
Package color Info: Driver file: pdftex.def on input line 130.
)
\CROP@offset=\count94
) (./amsmath.sty
Package: amsmath 2000/07/18 v2.13 AMS math features
\@mathmargin=\skip43

For additional information on amsmath, use the `?' option.
(/usr/share/texmf-texlive/tex/latex/amsmath/amstext.sty
Package: amstext 2000/06/29 v2.01

(/usr/share/texmf-texlive/tex/latex/amsmath/amsgen.sty
File: amsgen.sty 1999/11/30 v2.0
\@emptytoks=\toks18
\ex@=\dimen112
))
(/usr/share/texmf-texlive/tex/latex/amsmath/amsbsy.sty
Package: amsbsy 1999/11/29 v1.2d
\pmbraise@=\dimen113
)
(/usr/share/texmf-texlive/tex/latex/amsmath/amsopn.sty
Package: amsopn 1999/12/14 v2.01 operator names
)
\inf@bad=\count95
LaTeX Info: Redefining \frac on input line 211.
\uproot@=\count96
\leftroot@=\count97
LaTeX Info: Redefining \overline on input line 307.
\classnum@=\count98
\DOTSCASE@=\count99
LaTeX Info: Redefining \ldots on input line 379.
LaTeX Info: Redefining \dots on input line 382.
LaTeX Info: Redefining \cdots on input line 467.
\Mathstrutbox@=\box26
\strutbox@=\box27
\big@size=\dimen114
LaTeX Font Info:    Redeclaring font encoding OML on input line 567.
LaTeX Font Info:    Redeclaring font encoding OMS on input line 568.
\macc@depth=\count100
\c@MaxMatrixCols=\count101
\dotsspace@=\muskip10
\c@parentequation=\count102
\dspbrk@lvl=\count103
\tag@help=\toks19
\row@=\count104
\column@=\count105
\maxfields@=\count106
\andhelp@=\toks20
\eqnshift@=\dimen115
\alignsep@=\dimen116
\tagshift@=\dimen117
\tagwidth@=\dimen118
\totwidth@=\dimen119
\lineht@=\dimen120
\@envbody=\toks21
\multlinegap=\skip44
\multlinetaggap=\skip45
\mathdisplay@stack=\toks22
LaTeX Info: Redefining \[ on input line 2666.
LaTeX Info: Redefining \] on input line 2667.
)
(/usr/share/texmf-texlive/tex/latex/amsfonts/amsfonts.sty
Package: amsfonts 2009/06/22 v3.00 Basic AMSFonts support
\symAMSa=\mathgroup4
\symAMSb=\mathgroup5
LaTeX Font Info:    Overwriting math alphabet `\mathfrak' in version `bold'
(Font)                  U/euf/m/n --> U/euf/b/n on input line 96.
) (./amssymb.sty
Package: amssymb 2002/01/22 v2.2d
)
(/usr/share/texmf-texlive/tex/latex/tools/theorem.sty
Package: theorem 1995/11/23 v2.2c Theorem extension package (FMi)
\theorem@style=\toks23
\theorem@bodyfont=\toks24
\theorempreskipamount=\skip46
\theorempostskipamount=\skip47

(/usr/share/texmf-texlive/tex/latex/tools/thp.sty
File: thp.sty 1995/11/23 v2.2c Theorem extension package (FMi)
))
\c@theorem=\count107
\c@lemma=\count108
\c@definition=\count109
\c@corollary=\count110
\c@Example=\count111
\examplelinewidth=\skip48
LaTeX Info: Redefining \chaptermark on input line 596.
LaTeX Info: Redefining \sectionmark on input line 597.
LaTeX Info: Redefining \tableofcontents on input line 696.
LaTeX Info: Redefining \listoffigures on input line 700.
LaTeX Info: Redefining \listoftables on input line 704.
)
(/usr/share/texmf/tex/latex/xcolor/xcolor.sty
Package: xcolor 2007/01/21 v2.11 LaTeX color extensions (UK)

(/etc/texmf/tex/latex/config/color.cfg
File: color.cfg 2007/01/18 v1.5 color configuration of teTeX/TeXLive
)
Package xcolor Info: Driver file: pdftex.def on input line 225.

(/usr/share/texmf-texlive/tex/latex/colortbl/colortbl.sty
Package: colortbl 2001/02/13 v0.1j Color table columns (DPC)

(/usr/share/texmf-texlive/tex/latex/tools/array.sty
Package: array 2008/09/09 v2.4c Tabular extension package (FMi)
\col@sep=\dimen121
\extrarowheight=\dimen122
\NC@list=\toks25
\extratabsurround=\skip49
\backup@length=\skip50
)
\everycr=\toks26
\minrowclearance=\skip51
)
LaTeX Info: Redefining \color on input line 702.
\rownum=\count112
Package xcolor Info: Model `cmy' substituted by `cmy0' on input line 1337.
Package xcolor Info: Model `hsb' substituted by `rgb' on input line 1341.
Package xcolor Info: Model `RGB' extended on input line 1353.
Package xcolor Info: Model `HTML' substituted by `rgb' on input line 1355.
Package xcolor Info: Model `Hsb' substituted by `hsb' on input line 1356.
Package xcolor Info: Model `tHsb' substituted by `hsb' on input line 1357.
Package xcolor Info: Model `HSB' substituted by `hsb' on input line 1358.
Package xcolor Info: Model `Gray' substituted by `gray' on input line 1359.
Package xcolor Info: Model `wave' substituted by `hsb' on input line 1360.
) (./savesym.sty

LaTeX Warning: You have requested package `savesym',
               but the package provides `savesymbol'.

Package: savesymbol 2003/06/01 v1.1 Saves and restores symbols
) (./algorithm.sty
\c@algorithm=\count113
\Blockindent=\skip52
\algorithmindent=\skip53
) (./pdfpages.sty
Package: pdfpages 2012/08/31 v0.4t Insert pages of external PDF documents (AM)

(/usr/share/texmf-texlive/tex/latex/base/ifthen.sty
Package: ifthen 2001/05/26 v1.1c Standard LaTeX ifthen package (DPC)
)
(/usr/share/texmf-texlive/tex/latex/tools/calc.sty
Package: calc 2007/08/22 v4.3 Infix arithmetic (KKT,FJ)
\calc@Acount=\count114
\calc@Bcount=\count115
\calc@Adimen=\dimen123
\calc@Bdimen=\dimen124
\calc@Askip=\skip54
\calc@Bskip=\skip55
LaTeX Info: Redefining \setlength on input line 76.
LaTeX Info: Redefining \addtolength on input line 77.
\calc@Ccount=\count116
\calc@Cskip=\skip56
)
(/usr/share/texmf-texlive/tex/latex/eso-pic/eso-pic.sty
Package: eso-pic 2006/07/14 v1.1d eso-pic (RN)

(/usr/share/texmf-texlive/tex/latex/ms/everyshi.sty
Package: everyshi 2001/05/15 v3.00 EveryShipout Package (MS)
))
(/usr/share/texmf-texlive/tex/latex/pdfpages/pppdftex.def
File: pppdftex.def 2009/02/07 v0.4g Pdfpages driver for pdfTeX (AM)
)
\AM@pagebox=\box28
\AM@toc@title=\toks27
\c@AM@survey=\count117
\AM@templatesizebox=\box29
) (./subfigure.sty
Package: subfigure 1995/03/06 v2.0 subfigure package

Package: subfigure 1995/03/06 v2.0
\c@subfigure=\count118
\c@lofdepth=\count119
\c@subtable=\count120
\c@lotdepth=\count121
) (./algpseudocode.sty
Package: algpseudocode 
 (./algorithmicx.sty
Package: algorithmicx 2005/04/27 v1.2 Algorithmicx

Document Style algorithmicx 1.2 - a greatly improved `algorithmic' style
\c@ALG@line=\count122
\c@ALG@rem=\count123
\c@ALG@nested=\count124
\ALG@tlm=\skip57
\ALG@thistlm=\skip58
\c@ALG@Lnr=\count125
\c@ALG@blocknr=\count126
\c@ALG@storecount=\count127
\c@ALG@tmpcounter=\count128
\ALG@tmplength=\skip59
)
Document Style - pseudocode environments for use with the `algorithmicx' style
) (./main.aux (./introduction.aux) (./CollabFiltering.aux

LaTeX Warning: Label `fig:MonthlyM129' multiply defined.


LaTeX Warning: Label `fig:WeeklyM1476' multiply defined.

) (./MathematicalBackground.aux) (./PredictionModels.aux)
(./ImplementationResults.aux

LaTeX Warning: Label `fig:Model 1' multiply defined.


LaTeX Warning: Label `fig:Model2' multiply defined.


LaTeX Warning: Label `fig:Model 1' multiply defined.


LaTeX Warning: Label `fig:Model2' multiply defined.


LaTeX Warning: Label `fig:Model 1' multiply defined.


LaTeX Warning: Label `fig:Model2' multiply defined.


LaTeX Warning: Label `fig:RMSE SVD' multiply defined.


LaTeX Warning: Label `fig:Model 1' multiply defined.


LaTeX Warning: Label `fig:Model2' multiply defined.


LaTeX Warning: Label `fig:Model 1' multiply defined.


LaTeX Warning: Label `fig:Model2' multiply defined.


LaTeX Warning: Label `fig:Model 1' multiply defined.


LaTeX Warning: Label `fig:Model2' multiply defined.


LaTeX Warning: Label `fig:RMSE SVD' multiply defined.

) (./appendix.aux))
\openout1 = `main.aux'.

LaTeX Font Info:    Checking defaults for OML/cmm/m/it on input line 87.
LaTeX Font Info:    ... okay on input line 87.
LaTeX Font Info:    Checking defaults for T1/cmr/m/n on input line 87.
LaTeX Font Info:    ... okay on input line 87.
LaTeX Font Info:    Checking defaults for OT1/cmr/m/n on input line 87.
LaTeX Font Info:    ... okay on input line 87.
LaTeX Font Info:    Checking defaults for OMS/cmsy/m/n on input line 87.
LaTeX Font Info:    ... okay on input line 87.
LaTeX Font Info:    Checking defaults for OMX/cmex/m/n on input line 87.
LaTeX Font Info:    ... okay on input line 87.
LaTeX Font Info:    Checking defaults for U/cmr/m/n on input line 87.
LaTeX Font Info:    ... okay on input line 87.
LaTeX Font Info:    Try loading font information for T1+lmr on input line 87.
 (/usr/share/texmf/tex/latex/lm/t1lmr.fd
File: t1lmr.fd 2009/10/30 v1.6 Font defs for Latin Modern
)
(/usr/share/texmf-texlive/tex/context/base/supp-pdf.mkii
[Loading MPS to PDF converter (version 2006.09.02).]
\scratchcounter=\count129
\scratchdimen=\dimen125
\scratchbox=\box30
\nofMPsegments=\count130
\nofMParguments=\count131
\everyMPshowfont=\toks28
\MPscratchCnt=\count132
\MPscratchDim=\dimen126
\MPnumerator=\count133
\everyMPtoPDFconversion=\toks29
)
*geometry auto-detecting driver*
*geometry detected driver: pdftex*
-------------------- Geometry parameters
paper: user defined
landscape: --
twocolumn: --
twoside: true
asymmetric: --
h-parts: 40.97195pt, 355.65944pt, 61.45798pt
v-parts: 56.90546pt, 554.82874pt, 71.13194pt
hmarginratio: 2:3
vmarginratio: 4:5
lines: --
heightrounded: --
bindingoffset: 11.38109pt
truedimen: --
includehead: --
includefoot: --
includemp: --
driver: pdftex
-------------------- Page layout dimensions and switches
\paperwidth  469.47046pt
\paperheight 682.86613pt
\textwidth  355.65944pt
\textheight 554.82874pt
\oddsidemargin  -19.91695pt
\evensidemargin -10.81201pt
\topmargin  -45.43202pt
\headheight 12.0pt
\headsep    18.06749pt
\footskip   25.29494pt
\marginparwidth -29.45276pt
\marginparsep   8.53581pt
\columnsep  10.0pt
\skip\footins  9.0pt plus 4.0pt minus 2.0pt
\hoffset 0.0pt
\voffset 0.0pt
\mag 1000
\@twosidetrue \@mparswitchtrue 
(1in=72.27pt, 1cm=28.45pt)
-----------------------
Package crop Info: requested driver: `' on input line 87.
Package crop Info: detected driver: `pdftex' on input line 87.
Package crop Info: using `pdftex' graphics driver on input line 87.
ABD: EveryShipout initializing macros
LaTeX Font Info:    Try loading font information for OT1+lmr on input line 90.
 (/usr/share/texmf/tex/latex/lm/ot1lmr.fd
File: ot1lmr.fd 2009/10/30 v1.6 Font defs for Latin Modern
)
LaTeX Font Info:    Try loading font information for OML+lmm on input line 90.
(/usr/share/texmf/tex/latex/lm/omllmm.fd
File: omllmm.fd 2009/10/30 v1.6 Font defs for Latin Modern
)
LaTeX Font Info:    Try loading font information for OMS+lmsy on input line 90.


(/usr/share/texmf/tex/latex/lm/omslmsy.fd
File: omslmsy.fd 2009/10/30 v1.6 Font defs for Latin Modern
)
LaTeX Font Info:    Try loading font information for OMX+lmex on input line 90.


(/usr/share/texmf/tex/latex/lm/omxlmex.fd
File: omxlmex.fd 2009/10/30 v1.6 Font defs for Latin Modern
)
LaTeX Font Info:    External font `lmex10' loaded for size
(Font)              <10> on input line 90.
LaTeX Font Info:    External font `lmex10' loaded for size
(Font)              <7> on input line 90.
LaTeX Font Info:    External font `lmex10' loaded for size
(Font)              <5> on input line 90.
LaTeX Font Info:    Try loading font information for U+msa on input line 90.

(/usr/share/texmf-texlive/tex/latex/amsfonts/umsa.fd
File: umsa.fd 2009/06/22 v3.00 AMS symbols A
)
LaTeX Font Info:    Try loading font information for U+msb on input line 90.

(/usr/share/texmf-texlive/tex/latex/amsfonts/umsb.fd
File: umsb.fd 2009/06/22 v3.00 AMS symbols B
)
<LiTH_staende_sv.pdf, id=1, 260.975pt x 190.7125pt>
File: LiTH_staende_sv.pdf Graphic file (type pdf)
 <use LiTH_staende_sv.pdf>
Overfull \hbox (34.91695pt too wide) in paragraph at lines 90--90
[]| [] 
 []

[-1


{/var/lib/texmf/fonts/map/pdftex/updmap/pdftex.map} <./LiTH_staende_sv.pdf>] [0

]
Overfull \hbox (34.91695pt too wide) in paragraph at lines 90--90
[]| [] 
 []

[1



] [2

] <LiTH_sigill_sv.pdf, id=24, 124.465pt x 124.465pt>
File: LiTH_sigill_sv.pdf Graphic file (type pdf)

<use LiTH_sigill_sv.pdf>
LaTeX Font Info:    Try loading font information for T1+lmtt on input line 90.
 (/usr/share/texmf/tex/latex/lm/t1lmtt.fd
File: t1lmtt.fd 2009/10/30 v1.6 Font defs for Latin Modern
) [3


 <./LiTH_sigill_sv.pdf>] [4

] [5


] [6

] [7



] [8

] (./main.toc [9


])
\tf@toc=\write3
\openout3 = `main.toc'.


Underfull \hbox (badness 10000) has occurred while \output is active
$[]$
 []

[10]
\openout2 = `introduction.aux'.

 (./introduction.tex
Chapter 1.
LaTeX Font Info:    Try loading font information for T1+lmss on input line 6.
(/usr/share/texmf/tex/latex/lm/t1lmss.fd
File: t1lmss.fd 2009/10/30 v1.6 Font defs for Latin Modern
) [1




])
Underfull \hbox (badness 10000) has occurred while \output is active
$[]$
 []

[2]
\openout2 = `CollabFiltering.aux'.

 (./CollabFiltering.tex
Chapter 2.
[3



]
Underfull \hbox (badness 10000) in paragraph at lines 52--61

 []


Underfull \hbox (badness 10000) in paragraph at lines 68--75

 []

! Missing { inserted.
<to be read again> 
                   $
l.77 l\emph{$\hat_{R}$}
                       . We intend to obtain the
A left brace was mandatory here, so I've put one in.
You might want to delete and/or insert some corrections
so that I will find a matching right brace soon.
(If you're confused by all this, try typing `I}' now.)

! Missing } inserted.
<inserted text> 
                }
l.77 l\emph{$\hat_{R}$}
                       . We intend to obtain the
I've inserted something that you may have forgotten.
(See the <inserted text> above.)
With luck, this will get me unwedged. But if you
really didn't forget anything, try typing `2' now; then
my insertion and my current dilemma will both disappear.

! Missing { inserted.
<to be read again> 
                   }
l.77 l\emph{$\hat_{R}$}
                       . We intend to obtain the
A left brace was mandatory here, so I've put one in.
You might want to delete and/or insert some corrections
so that I will find a matching right brace soon.
(If you're confused by all this, try typing `I}' now.)

! Missing } inserted.
<inserted text> 
                }
l.77 l\emph{$\hat_{R}$}
                       . We intend to obtain the
I've inserted something that you may have forgotten.
(See the <inserted text> above.)
With luck, this will get me unwedged. But if you
really didn't forget anything, try typing `2' now; then
my insertion and my current dilemma will both disappear.

! Missing { inserted.
<to be read again> 
                   $
l.78 \emph{$\hat_{R}$}
                      , by reproducing it through a simple product of two ma...
A left brace was mandatory here, so I've put one in.
You might want to delete and/or insert some corrections
so that I will find a matching right brace soon.
(If you're confused by all this, try typing `I}' now.)

! Missing } inserted.
<inserted text> 
                }
l.78 \emph{$\hat_{R}$}
                      , by reproducing it through a simple product of two ma...
I've inserted something that you may have forgotten.
(See the <inserted text> above.)
With luck, this will get me unwedged. But if you
really didn't forget anything, try typing `2' now; then
my insertion and my current dilemma will both disappear.

! Missing { inserted.
<to be read again> 
                   }
l.78 \emph{$\hat_{R}$}
                      , by reproducing it through a simple product of two ma...
A left brace was mandatory here, so I've put one in.
You might want to delete and/or insert some corrections
so that I will find a matching right brace soon.
(If you're confused by all this, try typing `I}' now.)

! Missing } inserted.
<inserted text> 
                }
l.78 \emph{$\hat_{R}$}
                      , by reproducing it through a simple product of two ma...
I've inserted something that you may have forgotten.
(See the <inserted text> above.)
With luck, this will get me unwedged. But if you
really didn't forget anything, try typing `2' now; then
my insertion and my current dilemma will both disappear.


Underfull \hbox (badness 10000) in paragraph at lines 84--89

 []


Underfull \hbox (badness 10000) has occurred while \output is active
$[]$
 []

[4]
Overfull \hbox (10.327pt too wide) in paragraph at lines 134--200
 [][] 
 []

LaTeX Font Info:    External font `lmex10' loaded for size
(Font)              <9> on input line 200.
LaTeX Font Info:    External font `lmex10' loaded for size
(Font)              <6> on input line 200.

Underfull \hbox (badness 10000) in paragraph at lines 205--213

 []


Underfull \vbox (badness 3657) has occurred while \output is active []


Underfull \hbox (badness 10000) has occurred while \output is active
$[]$
 []

[5]
Underfull \hbox (badness 10000) in paragraph at lines 214--229

 []


Underfull \hbox (badness 10000) in paragraph at lines 251--259

 []


Underfull \vbox (badness 10000) has occurred while \output is active []


Underfull \hbox (badness 10000) has occurred while \output is active
$[]$
 []

[6]
Underfull \hbox (badness 10000) in paragraph at lines 267--290

 []


Underfull \hbox (badness 10000) has occurred while \output is active
$[]$
 []

[7]
LaTeX Font Info:    Try loading font information for OMS+lmr on input line 291.

 (/usr/share/texmf/tex/latex/lm/omslmr.fd
File: omslmr.fd 2009/10/30 v1.6 Font defs for Latin Modern
)
LaTeX Font Info:    Font shape `OMS/lmr/m/n' in size <10> not available
(Font)              Font shape `OMS/lmsy/m/n' tried instead on input line 291.

<./New/MovieMeans_AllMovie.pdf, id=89, 411.5375pt x 308.15125pt>
File: ./New/MovieMeans_AllMovie.pdf Graphic file (type pdf)

<use ./New/MovieMeans_AllMovie.pdf>
<./New/MovieMeans_AllMovie_Age.pdf, id=90, 411.5375pt x 308.15125pt>
File: ./New/MovieMeans_AllMovie_Age.pdf Graphic file (type pdf)

<use ./New/MovieMeans_AllMovie_Age.pdf>

LaTeX Warning: `h' float specifier changed to `ht'.


Underfull \hbox (badness 10000) in paragraph at lines 332--356

 []


Underfull \hbox (badness 10000) has occurred while \output is active
$[]$
 []

[8] <./New/MonthlyAve_AllMovies.pdf, id=94, 449.68pt x 337.26pt>
File: ./New/MonthlyAve_AllMovies.pdf Graphic file (type pdf)

<use ./New/MonthlyAve_AllMovies.pdf>
<./New/WeeklyAve_AllMovies.pdf, id=95, 449.68pt x 337.26pt>
File: ./New/WeeklyAve_AllMovies.pdf Graphic file (type pdf)

<use ./New/WeeklyAve_AllMovies.pdf>
<./New/MonthlyAve_M129.pdf, id=96, 449.68pt x 337.26pt>
File: ./New/MonthlyAve_M129.pdf Graphic file (type pdf)

<use ./New/MonthlyAve_M129.pdf>
<./New/WeeklyAve_M129.pdf, id=97, 449.68pt x 337.26pt>
File: ./New/WeeklyAve_M129.pdf Graphic file (type pdf)

<use ./New/WeeklyAve_M129.pdf>
<./New/MonthlyAve_M1476.pdf, id=98, 449.68pt x 337.26pt>
File: ./New/MonthlyAve_M1476.pdf Graphic file (type pdf)

<use ./New/MonthlyAve_M1476.pdf>
<./New/WeeklyAve_M1476.pdf, id=99, 449.68pt x 337.26pt>
File: ./New/WeeklyAve_M1476.pdf Graphic file (type pdf)

<use ./New/WeeklyAve_M1476.pdf>

LaTeX Warning: `!h' float specifier changed to `!ht'.


Underfull \hbox (badness 10000) in paragraph at lines 390--400

 []


Underfull \hbox (badness 10000) has occurred while \output is active
$[]$
 []

[9 <./New/MovieMeans_AllMovie.pdf> <./New/MovieMeans_AllMovie_Age.pdf>]

LaTeX Warning: Text page 10 contains only floats.


Underfull \hbox (badness 10000) has occurred while \output is active
$[]$
 []

[10 <./New/MonthlyAve_AllMovies.pdf> <./New/WeeklyAve_AllMovies.pdf> <./New/Mon
thlyAve_M129.pdf> <./New/WeeklyAve_M129.pdf> <./New/MonthlyAve_M1476.pdf> <./Ne
w/WeeklyAve_M1476.pdf>])
Underfull \hbox (badness 10000) has occurred while \output is active
$[]$
 []

[11]
\openout2 = `MathematicalBackground.aux'.

 (./MathematicalBackground.tex [12



]
Chapter 3.
[13]
Underfull \hbox (badness 10000) has occurred while \output is active
$[]$
 []

[14]
! Undefined control sequence.
l.130 ...orthogonal, i.e., $q_i^Tq_j=0$, i\unequal
                                                   j. Then the
The control sequence at the end of the top line
of your error message was never \def'ed. If you have
misspelled it (e.g., `\hobx'), type `I' and the correct
spelling (e.g., `I\hbox'). Otherwise just continue,
and I'll forget about whatever was undefined.


Underfull \hbox (badness 10000) has occurred while \output is active
$[]$
 []

[15]
Underfull \hbox (badness 10000) in paragraph at lines 156--170

 []


Overfull \hbox (3.14503pt too wide) in paragraph at lines 200--204
[]\T1/lmr/m/n/10 We shall cre-ate a \T1/lmr/m/sl/10 Term-document ma-trix\T1/lm
r/m/n/10 , with the doc-u-ments along the columns
 []


Underfull \hbox (badness 10000) in paragraph at lines 200--204

 []

<QR_Fig.pdf, id=149, 445.64793pt x 376.7395pt>
File: QR_Fig.pdf Graphic file (type pdf)
 <use QR_Fig.pdf>

LaTeX Warning: `!h' float specifier changed to `!ht'.

! Missing $ inserted.
<inserted text> 
                $
l.221   \end{pmatrix} $ \in
                            \mathbb{R}^{6 \times 5}
I've inserted a begin-math/end-math symbol since I think
you left one out. Proceed, with fingers crossed.

! Missing $ inserted.
<inserted text> 
                $
l.224   $\begin{pmatrix}
                        
I've inserted a begin-math/end-math symbol since I think
you left one out. Proceed, with fingers crossed.

! Missing $ inserted.
<inserted text> 
                $
l.231  \end{pmatrix}
                     $ \in \mathbb{R}^{6}
I've inserted something that you may have forgotten.
(See the <inserted text> above.)
With luck, this will get me unwedged. But if you
really didn't forget anything, try typing `2' now; then
my insertion and my current dilemma will both disappear.

! Missing $ inserted.
<inserted text> 
                $
l.232 
      
I've inserted a begin-math/end-math symbol since I think
you left one out. Proceed, with fingers crossed.


Underfull \hbox (badness 10000) has occurred while \output is active
$[]$
 []

[16]
Underfull \vbox (badness 10000) has occurred while \output is active []


Underfull \hbox (badness 10000) has occurred while \output is active
$[]$
 []

[17 <./QR_Fig.pdf>]
Underfull \hbox (badness 10000) has occurred while \output is active
$[]$
 []

[18]
Underfull \hbox (badness 10000) has occurred while \output is active
$[]$
 []

[19]
Underfull \hbox (badness 10000) has occurred while \output is active
$[]$
 []

[20]
Underfull \hbox (badness 10000) has occurred while \output is active
$[]$
 []

[21]
Underfull \hbox (badness 10000) in paragraph at lines 594--601

 []


Underfull \hbox (badness 10000) in paragraph at lines 607--608

 []


Underfull \hbox (badness 10000) in paragraph at lines 619--620

 []


Underfull \hbox (badness 10000) has occurred while \output is active
$[]$
 []

[22]
Underfull \hbox (badness 10000) in paragraph at lines 635--641

 []


Underfull \hbox (badness 10000) in paragraph at lines 643--644

 []


Overfull \hbox (14.98158pt too wide) in paragraph at lines 645--647
[]\T1/lmr/m/sl/10 For a ma-trix A $\OMS/lmsy/m/n/10 2 \U/msb/m/n/10 R[]$\T1/lmr
/m/sl/10 , with $\OML/lmm/m/it/10 rank\OT1/lmr/m/n/10 (\OML/lmm/m/it/10 A\OT1/l
mr/m/n/10 ) =
 []


Underfull \hbox (badness 10000) in paragraph at lines 645--647

 []


Overfull \hbox (3.81256pt too wide) in paragraph at lines 665--665
[]\T1/lmr/bx/n/14.4 Matrix ap-prox-i-ma-tion us-ing Al-ter-nat-ing Least
 []


Underfull \hbox (badness 10000) has occurred while \output is active
$[]$
 []

[23] <ALS_FIG.pdf, id=192, 424.3082pt x 203.14998pt>
File: ALS_FIG.pdf Graphic file (type pdf)
 <use ALS_FIG.pdf>

Package amsfonts Warning: Obsolete command \bold; \mathbf should be used instea
d on input line 695.


Underfull \hbox (badness 10000) has occurred while \output is active
$[]$
 []

[24 <./ALS_FIG.pdf>]
! Undefined control sequence.
<argument> ...^T\bold {m}_j-r_{ij})m_{kj}+\lambds 
                                                  n_{u_{i}}u_{ki}=0, & \fora...
l.769   \end{align}
                   
The control sequence at the end of the top line
of your error message was never \def'ed. If you have
misspelled it (e.g., `\hobx'), type `I' and the correct
spelling (e.g., `I\hbox'). Otherwise just continue,
and I'll forget about whatever was undefined.

! Undefined control sequence.
<argument> ...^T\bold {m}_j-r_{ij})m_{kj}+\lambds 
                                                  n_{u_{i}}u_{ki}=0, & \fora...
l.769   \end{align}
                   
The control sequence at the end of the top line
of your error message was never \def'ed. If you have
misspelled it (e.g., `\hobx'), type `I' and the correct
spelling (e.g., `I\hbox'). Otherwise just continue,
and I'll forget about whatever was undefined.


Underfull \hbox (badness 10000) has occurred while \output is active
$[]$
 []

[25]
Underfull \hbox (badness 10000) in paragraph at lines 774--777

 []


Underfull \vbox (badness 5939) has occurred while \output is active []


Underfull \hbox (badness 10000) has occurred while \output is active
$[]$
 []

[26])
Underfull \hbox (badness 10000) has occurred while \output is active
$[]$
 []

[27]
Underfull \hbox (badness 10000) has occurred while \output is active
$[]$
 []

[28]
\openout2 = `PredictionModels.aux'.

 (./PredictionModels.tex
Chapter 4.
[29



]
Underfull \hbox (badness 10000) has occurred while \output is active
$[]$
 []

[30]
Underfull \hbox (badness 10000) in paragraph at lines 125--132

 []


! LaTeX Error: \caption outside float.

See the LaTeX manual or LaTeX Companion for explanation.
Type  H <return>  for immediate help.
 ...                                              
                                                  
l.169 \caption
              {Dimension Reduction Algorithm}
You're in trouble here.  Try typing  <return>  to proceed.
If that doesn't work, type  X <return>  to quit.


Underfull \hbox (badness 10000) has occurred while \output is active
$[]$
 []

[31]
! Missing $ inserted.
<inserted text> 
                $
l.187 \begin{array}{ccc}
                        
I've inserted a begin-math/end-math symbol since I think
you left one out. Proceed, with fingers crossed.

! Missing $ inserted.
<inserted text> 
                $
l.206 \end{array}
                 
I've inserted something that you may have forgotten.
(See the <inserted text> above.)
With luck, this will get me unwedged. But if you
really didn't forget anything, try typing `2' now; then
my insertion and my current dilemma will both disappear.


Overfull \hbox (34.45113pt too wide) in paragraph at lines 210--224
\T1/lmr/m/n/10 Collaborative Fil-ter-ing based Rec-om-mender Sys-tems are built
 us-ing ei-ther Neighbourhood-
 []


Underfull \hbox (badness 10000) has occurred while \output is active
$[]$
 []

[32]
Underfull \hbox (badness 10000) in paragraph at lines 253--257

 []


Underfull \hbox (badness 10000) in paragraph at lines 267--268

 []


Underfull \hbox (badness 10000) in paragraph at lines 269--276

 []

! Missing $ inserted.
<inserted text> 
                $
l.349 The values of $R$ are \{$r_{mn}$:1 \leq
                                              $r_{mn}$ \leq 5 | $r_{mn}$ is an
I've inserted a begin-math/end-math symbol since I think
you left one out. Proceed, with fingers crossed.

! Missing $ inserted.
<inserted text> 
                $
l.349 The values of $R$ are \{$r_{mn}$:1 \leq $r_
                                                 {mn}$ \leq 5 | $r_{mn}$ is an
I've inserted a begin-math/end-math symbol since I think
you left one out. Proceed, with fingers crossed.

! Missing $ inserted.
<inserted text> 
                $
l.349 ...f $R$ are \{$r_{mn}$:1 \leq $r_{mn}$ \leq
                                                   5 | $r_{mn}$ is an
I've inserted a begin-math/end-math symbol since I think
you left one out. Proceed, with fingers crossed.

! Missing $ inserted.
<inserted text> 
                $
l.349 ...e \{$r_{mn}$:1 \leq $r_{mn}$ \leq 5 | $r_
                                                  {mn}$ is an
I've inserted a begin-math/end-math symbol since I think
you left one out. Proceed, with fingers crossed.

! Missing $ inserted.
<inserted text> 
                $
l.351 the values of $D$ are \{$d_{mn}$:1 \leq
                                              $d_{mn}$ \leq 2243 | $d_{mn}$ ...
I've inserted a begin-math/end-math symbol since I think
you left one out. Proceed, with fingers crossed.

! Missing $ inserted.
<inserted text> 
                $
l.351 the values of $D$ are \{$d_{mn}$:1 \leq $d_
                                                 {mn}$ \leq 2243 | $d_{mn}$ ...
I've inserted a begin-math/end-math symbol since I think
you left one out. Proceed, with fingers crossed.

! Missing $ inserted.
<inserted text> 
                $
l.351 ...f $D$ are \{$d_{mn}$:1 \leq $d_{mn}$ \leq
                                                   2243 | $d_{mn}$ is an
I've inserted a begin-math/end-math symbol since I think
you left one out. Proceed, with fingers crossed.

! Missing $ inserted.
<inserted text> 
                $
l.351 ...{$d_{mn}$:1 \leq $d_{mn}$ \leq 2243 | $d_
                                                  {mn}$ is an
I've inserted a begin-math/end-math symbol since I think
you left one out. Proceed, with fingers crossed.


Underfull \hbox (badness 10000) has occurred while \output is active
$[]$
 []

[33]

! Package array Error:  Illegal pream-token (]): `c' used.

See the array package documentation for explanation.
Type  H <return>  for immediate help.
 ...                                              
                                                  
l.372  \begin{array}{l|c]}
                          
Try typing  <return>  to proceed.
If that doesn't work, type  X <return>  to quit.

! Missing $ inserted.
<inserted text> 
                $
l.394 
      
I've inserted a begin-math/end-math symbol since I think
you left one out. Proceed, with fingers crossed.

! Display math should end with $$.
<to be read again> 
                   \par 
l.394 
      
The `$' that I just saw supposedly matches a previous `$$'.
So I shall assume that you typed `$$' both times.


! LaTeX Error: Bad math environment delimiter.

See the LaTeX manual or LaTeX Companion for explanation.
Type  H <return>  for immediate help.
 ...                                              
                                                  
l.395 \]
        
Your command was ignored.
Type  I <command> <return>  to replace it with another command,
or  <return>  to continue without it.

! Missing $ inserted.
<inserted text> 
                $
l.395 \]
        
I've inserted something that you may have forgotten.
(See the <inserted text> above.)
With luck, this will get me unwedged. But if you
really didn't forget anything, try typing `2' now; then
my insertion and my current dilemma will both disappear.

! Display math should end with $$.
<to be read again> 
                   \endgroup 
l.395 \]
        
The `$' that I just saw supposedly matches a previous `$$'.
So I shall assume that you typed `$$' both times.

! Missing $ inserted.
<inserted text> 
                $
l.405 
      
I've inserted a begin-math/end-math symbol since I think
you left one out. Proceed, with fingers crossed.

! Display math should end with $$.
<to be read again> 
                   \par 
l.405 
      
The `$' that I just saw supposedly matches a previous `$$'.
So I shall assume that you typed `$$' both times.


! LaTeX Error: Bad math environment delimiter.

See the LaTeX manual or LaTeX Companion for explanation.
Type  H <return>  for immediate help.
 ...                                              
                                                  
l.406 \]
        
Your command was ignored.
Type  I <command> <return>  to replace it with another command,
or  <return>  to continue without it.

! Missing $ inserted.
<inserted text> 
                $
l.406 \]
        
I've inserted something that you may have forgotten.
(See the <inserted text> above.)
With luck, this will get me unwedged. But if you
really didn't forget anything, try typing `2' now; then
my insertion and my current dilemma will both disappear.

! Display math should end with $$.
<to be read again> 
                   \endgroup 
l.406 \]
        
The `$' that I just saw supposedly matches a previous `$$'.
So I shall assume that you typed `$$' both times.

! Missing $ inserted.
<inserted text> 
                $
l.416 
      
I've inserted a begin-math/end-math symbol since I think
you left one out. Proceed, with fingers crossed.

! Display math should end with $$.
<to be read again> 
                   \par 
l.416 
      
The `$' that I just saw supposedly matches a previous `$$'.
So I shall assume that you typed `$$' both times.


! LaTeX Error: Bad math environment delimiter.

See the LaTeX manual or LaTeX Companion for explanation.
Type  H <return>  for immediate help.
 ...                                              
                                                  
l.417 \]
        
Your command was ignored.
Type  I <command> <return>  to replace it with another command,
or  <return>  to continue without it.

! Missing $ inserted.
<inserted text> 
                $
l.417 \]
        
I've inserted something that you may have forgotten.
(See the <inserted text> above.)
With luck, this will get me unwedged. But if you
really didn't forget anything, try typing `2' now; then
my insertion and my current dilemma will both disappear.

! Display math should end with $$.
<to be read again> 
                   \endgroup 
l.417 \]
        
The `$' that I just saw supposedly matches a previous `$$'.
So I shall assume that you typed `$$' both times.


Underfull \hbox (badness 10000) has occurred while \output is active
$[]$
 []

[34] <UserMovie_Interaction.pdf, id=238, 360.86418pt x 203.35172pt>
File: UserMovie_Interaction.pdf Graphic file (type pdf)

<use UserMovie_Interaction.pdf>
! Misplaced alignment tab character &.
l.448  x_{ui}=r_{ui}-b_{ui} &
                              \hspace{2cm} & \forall u \in \mathcal{U}, i \in
I can't figure out why you would want to use a tab mark
here. If you just want an ampersand, the remedy is
simple: Just type `I\&' now. But if some right brace
up above has ended a previous alignment prematurely,
you're probably due for more error messages, and you
might try typing `S' now just to see what is salvageable.

! Misplaced alignment tab character &.
l.448  x_{ui}=r_{ui}-b_{ui} & \hspace{2cm} &
                                             \forall u \in \mathcal{U}, i \in
I can't figure out why you would want to use a tab mark
here. If you just want an ampersand, the remedy is
simple: Just type `I\&' now. But if some right brace
up above has ended a previous alignment prematurely,
you're probably due for more error messages, and you
might try typing `S' now just to see what is salvageable.


Underfull \hbox (badness 10000) in paragraph at lines 454--458

 []


Underfull \hbox (badness 10000) in paragraph at lines 459--466

 []


Underfull \hbox (badness 10000) has occurred while \output is active
$[]$
 []

[35 <./UserMovie_Interaction.pdf>]
! Missing } inserted.
<inserted text> 
                }
l.507 where $b_{i,Bin(t)$
                          is the difference between the overall mean $\mu$ a...
I've inserted something that you may have forgotten.
(See the <inserted text> above.)
With luck, this will get me unwedged. But if you
really didn't forget anything, try typing `2' now; then
my insertion and my current dilemma will both disappear.


! LaTeX Error: \caption outside float.

See the LaTeX manual or LaTeX Companion for explanation.
Type  H <return>  for immediate help.
 ...                                              
                                                  
l.518 \caption
              {Temporal Bias - SVD Algorithm}
You're in trouble here.  Try typing  <return>  to proceed.
If that doesn't work, type  X <return>  to quit.

! Misplaced alignment tab character &.
l.524 ...89, $n$=17770 \Comment Dimension of $R$ &
                                                   $D$
I can't figure out why you would want to use a tab mark
here. If you just want an ampersand, the remedy is
simple: Just type `I\&' now. But if some right brace
up above has ended a previous alignment prematurely,
you're probably due for more error messages, and you
might try typing `S' now just to see what is salvageable.


Underfull \hbox (badness 10000) has occurred while \output is active
$[]$
 []

[36]
! Missing } inserted.
<inserted text> 
                }
l.541 ...ate $x_{ui}=r_{ui}-(b_u+b_i+b_{i,Bin(t))$
                                                  
I've inserted something that you may have forgotten.
(See the <inserted text> above.)
With luck, this will get me unwedged. But if you
really didn't forget anything, try typing `2' now; then
my insertion and my current dilemma will both disappear.

<ALS_FIG1.pdf, id=260, 350.01064pt x 180.58566pt>
File: ALS_FIG1.pdf Graphic file (type pdf)
 <use ALS_FIG1.pdf>

LaTeX Warning: `!h' float specifier changed to `!ht'.


LaTeX Font Warning: Command \boldmath invalid in math mode on input line 605.


LaTeX Font Warning: Command \mathversion invalid in math mode on input line 605
.


Underfull \hbox (badness 10000) has occurred while \output is active
$[]$
 []

[37] <ALS_FIG2.pdf, id=267, 232.33098pt x 91.95354pt>
File: ALS_FIG2.pdf Graphic file (type pdf)
 <use ALS_FIG2.pdf>)
Underfull \hbox (badness 10000) has occurred while \output is active
$[]$
 []

[38 <./ALS_FIG1.pdf> <./ALS_FIG2.pdf>]
\openout2 = `ImplementationResults.aux'.

 (./ImplementationResults.tex
Chapter 5.

Underfull \vbox (badness 2753) has occurred while \output is active []

 [39



]

! LaTeX Error: \caption outside float.

See the LaTeX manual or LaTeX Companion for explanation.
Type  H <return>  for immediate help.
 ...                                              
                                                  
l.78 \caption
             {SVD Initialization of M}
You're in trouble here.  Try typing  <return>  to proceed.
If that doesn't work, type  X <return>  to quit.


Underfull \hbox (badness 10000) in paragraph at lines 96--98

 []


Underfull \hbox (badness 10000) has occurred while \output is active
$[]$
 []

[40] <./Results/plots/model1.pdf, id=309, 449.68pt x 337.26pt>
File: ./Results/plots/model1.pdf Graphic file (type pdf)

<use ./Results/plots/model1.pdf>
<./Results/plots/model2.pdf, id=310, 449.68pt x 337.26pt>
File: ./Results/plots/model2.pdf Graphic file (type pdf)

<use ./Results/plots/model2.pdf>
<./Results/plots/model3.pdf, id=311, 449.68pt x 337.26pt>
File: ./Results/plots/model3.pdf Graphic file (type pdf)

<use ./Results/plots/model3.pdf>

LaTeX Warning: `!h' float specifier changed to `!ht'.

<./Results/plots/model4.pdf, id=312, 449.68pt x 337.26pt>
File: ./Results/plots/model4.pdf Graphic file (type pdf)

<use ./Results/plots/model4.pdf>
LaTeX Font Info:    External font `lmex10' loaded for size
(Font)              <8> on input line 159.

<./Results/plots/model4_1.pdf, id=313, 449.68pt x 337.26pt>
File: ./Results/plots/model4_1.pdf Graphic file (type pdf)

<use ./Results/plots/model4_1.pdf>
<./Results/plots/model5.pdf, id=314, 449.68pt x 337.26pt>
File: ./Results/plots/model5.pdf Graphic file (type pdf)

<use ./Results/plots/model5.pdf>
<./Results/plots/model5_1.pdf, id=315, 449.68pt x 337.26pt>
File: ./Results/plots/model5_1.pdf Graphic file (type pdf)

<use ./Results/plots/model5_1.pdf>
<./Results/plots/model6.pdf, id=316, 449.68pt x 337.26pt>
File: ./Results/plots/model6.pdf Graphic file (type pdf)

<use ./Results/plots/model6.pdf>
<./Results/plots/model6_1.pdf, id=317, 449.68pt x 337.26pt>
File: ./Results/plots/model6_1.pdf Graphic file (type pdf)

<use ./Results/plots/model6_1.pdf>

LaTeX Warning: `!h' float specifier changed to `!ht'.

<./Results/plots/model7.pdf, id=318, 449.68pt x 337.26pt>
File: ./Results/plots/model7.pdf Graphic file (type pdf)

<use ./Results/plots/model7.pdf>
<./Results/plots/model7_1.pdf, id=319, 449.68pt x 337.26pt>
File: ./Results/plots/model7_1.pdf Graphic file (type pdf)

<use ./Results/plots/model7_1.pdf>
<./Results/plots/model8.pdf, id=320, 449.68pt x 337.26pt>
File: ./Results/plots/model8.pdf Graphic file (type pdf)

<use ./Results/plots/model8.pdf>
<./Results/plots/model8_1.pdf, id=321, 449.68pt x 337.26pt>
File: ./Results/plots/model8_1.pdf Graphic file (type pdf)

<use ./Results/plots/model8_1.pdf>
<./Results/plots/model9.pdf, id=322, 449.68pt x 337.26pt>
File: ./Results/plots/model9.pdf Graphic file (type pdf)

<use ./Results/plots/model9.pdf>
<./Results/plots/model9_1.pdf, id=323, 449.68pt x 337.26pt>
File: ./Results/plots/model9_1.pdf Graphic file (type pdf)

<use ./Results/plots/model9_1.pdf>

LaTeX Warning: `!h' float specifier changed to `!ht'.


Underfull \hbox (badness 10000) has occurred while \output is active
$[]$
 []

[41])
Underfull \hbox (badness 10000) has occurred while \output is active
$[]$
 []

[42 <./Results/plots/model1.pdf> <./Results/plots/model2.pdf> <./Results/plots/
model3.pdf>]
Underfull \hbox (badness 10000) has occurred while \output is active
$[]$
 []

[43 <./Results/plots/model4.pdf> <./Results/plots/model4_1.pdf> <./Results/plot
s/model5.pdf> <./Results/plots/model5_1.pdf> <./Results/plots/model6.pdf> <./Re
sults/plots/model6_1.pdf>]
Underfull \hbox (badness 10000) has occurred while \output is active
$[]$
 []

[44 <./Results/plots/model7.pdf> <./Results/plots/model7_1.pdf> <./Results/plot
s/model8.pdf> <./Results/plots/model8_1.pdf> <./Results/plots/model9.pdf> <./Re
sults/plots/model9_1.pdf>] (./main.bbl
Underfull \hbox (badness 10000) in paragraph at lines 4--7
[]\T1/lmr/m/n/10 How obama's data crunch-ers helped him win,
 []


Underfull \hbox (badness 10000) in paragraph at lines 4--7
\T1/lmr/m/n/10 http://edition.cnn.com/2012/11/07/tech/web/obama-campaign-tech-
 []


! Package inputenc Error: Keyboard character used is undefined
(inputenc)                in inputencoding `latin1'.

See the inputenc package documentation for explanation.
Type  H <return>  for immediate help.
 ...                                              
                                                  
l.27 Michael~W. Berry, Zlatko Drmač
                                    , Elizabeth, and R.~Jessup.
You need to provide a definition with \DeclareInputText 
or \DeclareInputMath before using this key.

[45


])
Underfull \hbox (badness 10000) has occurred while \output is active
$[]$
 []

[46]
\openout2 = `appendix.aux'.

 (./appendix.tex
Appendix A.

Underfull \hbox (badness 10000) in paragraph at lines 6--7

 []


Underfull \hbox (badness 10000) in paragraph at lines 11--15

 []


Underfull \hbox (badness 10000) in paragraph at lines 27--28

 []


! LaTeX Error: \caption outside float.

See the LaTeX manual or LaTeX Companion for explanation.
Type  H <return>  for immediate help.
 ...                                              
                                                  
l.31 \caption
             {Lanczos tridiagonalization}
You're in trouble here.  Try typing  <return>  to proceed.
If that doesn't work, type  X <return>  to quit.

) [47



] (./main.aux (./introduction.aux) (./CollabFiltering.aux)
(./MathematicalBackground.aux) (./PredictionModels.aux)
(./ImplementationResults.aux) (./appendix.aux))

LaTeX Warning: There were multiply-defined labels.

 ) 
Here is how much of TeX's memory you used:
 5498 strings out of 495061
 73059 string characters out of 1182621
 156993 words of memory out of 3000000
 8441 multiletter control sequences out of 15000+50000
 119540 words of font info for 77 fonts, out of 3000000 for 9000
 28 hyphenation exceptions out of 8191
 41i,16n,36p,281b,481s stack positions out of 5000i,500n,10000p,200000b,50000s
{/usr/share/texmf/fonts/enc/dvips/lm/lm-rm.enc}{/usr/share/texmf/fonts/enc/dv
ips/lm/lm-mathit.enc}{/usr/share/texmf/fonts/enc/dvips/lm/lm-ec.enc}{/usr/share
/texmf/fonts/enc/dvips/lm/lm-mathsy.enc}{/usr/share/texmf/fonts/enc/dvips/lm/lm
-mathex.enc}</usr/share/texmf-texlive/fonts/type1/public/amsfonts/cm/cmmi10.pfb
></usr/share/texmf-texlive/fonts/type1/public/amsfonts/cm/cmmi8.pfb></usr/share
/texmf-texlive/fonts/type1/public/amsfonts/cm/cmr10.pfb></usr/share/texmf-texli
ve/fonts/type1/public/amsfonts/cm/cmr6.pfb></usr/share/texmf-texlive/fonts/type
1/public/amsfonts/cm/cmr8.pfb></usr/share/texmf-texlive/fonts/type1/public/amsf
onts/cm/cmsy10.pfb></usr/share/texmf/fonts/type1/public/lm/lmbx10.pfb></usr/sha
re/texmf/fonts/type1/public/lm/lmbx12.pfb></usr/share/texmf/fonts/type1/public/
lm/lmbx7.pfb></usr/share/texmf/fonts/type1/public/lm/lmbx9.pfb></usr/share/texm
f/fonts/type1/public/lm/lmcsc10.pfb></usr/share/texmf/fonts/type1/public/lm/lme
x10.pfb></usr/share/texmf/fonts/type1/public/lm/lmmi10.pfb></usr/share/texmf/fo
nts/type1/public/lm/lmmi5.pfb></usr/share/texmf/fonts/type1/public/lm/lmmi6.pfb
></usr/share/texmf/fonts/type1/public/lm/lmmi7.pfb></usr/share/texmf/fonts/type
1/public/lm/lmmi8.pfb></usr/share/texmf/fonts/type1/public/lm/lmmi9.pfb></usr/s
hare/texmf/fonts/type1/public/lm/lmr10.pfb></usr/share/texmf/fonts/type1/public
/lm/lmr12.pfb></usr/share/texmf/fonts/type1/public/lm/lmr17.pfb></usr/share/tex
mf/fonts/type1/public/lm/lmr5.pfb></usr/share/texmf/fonts/type1/public/lm/lmr7.
pfb></usr/share/texmf/fonts/type1/public/lm/lmr8.pfb></usr/share/texmf/fonts/ty
pe1/public/lm/lmr9.pfb></usr/share/texmf/fonts/type1/public/lm/lmri10.pfb></usr
/share/texmf/fonts/type1/public/lm/lmro10.pfb></usr/share/texmf/fonts/type1/pub
lic/lm/lmro8.pfb></usr/share/texmf/fonts/type1/public/lm/lmss10.pfb></usr/share
/texmf/fonts/type1/public/lm/lmsy10.pfb></usr/share/texmf/fonts/type1/public/lm
/lmsy7.pfb></usr/share/texmf/fonts/type1/public/lm/lmtt8.pfb></usr/share/texmf-
texlive/fonts/type1/public/amsfonts/symbols/msam7.pfb></usr/share/texmf-texlive
/fonts/type1/public/amsfonts/symbols/msbm10.pfb>
Output written on main.pdf (59 pages, 954325 bytes).
PDF statistics:
 498 PDF objects out of 1000 (max. 8388607)
 0 named destinations out of 1000 (max. 500000)
 151 words of extra memory for PDF output out of 10000 (max. 10000000)

